<?xml version="1.0" encoding="UTF-8"?>
<!-- Generated by org.testng.reporters.JUnitReportReporter -->
<testsuite hostname="DESKTOP-5OT4PUP" failures="0" tests="2" name="tests.CheckoutTest" time="3.199" errors="0" timestamp="2025-07-26T17:10:27 IST" skipped="0">
  <testcase classname="tests.CheckoutTest" name="checkOutWithNoItems" time="0.298"/>
  <testcase classname="tests.CheckoutTest" name="properCheckOut" time="2.901"/>
</testsuite> <!-- tests.CheckoutTest -->
