<?xml version="1.0" encoding="UTF-8"?>
<!-- Generated by org.testng.reporters.JUnitReportReporter -->
<testsuite hostname="DESKTOP-5OT4PUP" failures="0" tests="3" name="tests.LoginTest" time="3.948" errors="0" timestamp="2025-07-26T17:10:27 IST" skipped="0">
  <testcase classname="tests.LoginTest" name="testLoginWithNoCredentials" time="1.768"/>
  <testcase classname="tests.LoginTest" name="testLoginWithInvalidCredentials" time="1.531"/>
  <testcase classname="tests.LoginTest" name="testLoginWithValidCredentials" time="0.649"/>
</testsuite> <!-- tests.LoginTest -->
