<?xml version="1.0" encoding="UTF-8"?>
<!-- Generated by org.testng.reporters.JUnitReportReporter -->
<testsuite hostname="DESKTOP-5OT4PUP" failures="0" tests="3" name="tests.AddToCartTest" time="5.391" errors="0" timestamp="2025-07-26T17:10:27 IST" skipped="0">
  <testcase classname="tests.AddToCartTest" name="addSingleItemToCart" time="1.923"/>
  <testcase classname="tests.AddToCartTest" name="addMultipleItemsToCart" time="2.193"/>
  <testcase classname="tests.AddToCartTest" name="removeItemsFromCart" time="1.275"/>
</testsuite> <!-- tests.AddToCartTest -->
