<?xml version="1.0" encoding="UTF-8"?>
<!-- Generated by org.testng.reporters.JUnitReportReporter -->
<testsuite hostname="DESKTOP-5OT4PUP" failures="0" tests="10" name="capstoneProject.ProjectUsingRestAssured" time="19.620" errors="0" timestamp="2025-07-27T12:33:05 IST" skipped="0">
  <testcase classname="capstoneProject.ProjectUsingRestAssured" name="addNewUser" time="6.284"/>
  <system-out/>
  <testcase classname="capstoneProject.ProjectUsingRestAssured" name="getUserProfile" time="1.518"/>
  <system-out/>
  <testcase classname="capstoneProject.ProjectUsingRestAssured" name="updateUser" time="1.442"/>
  <system-out/>
  <testcase classname="capstoneProject.ProjectUsingRestAssured" name="logInUser" time="1.496"/>
  <system-out/>
  <testcase classname="capstoneProject.ProjectUsingRestAssured" name="addContact" time="1.561"/>
  <system-out/>
  <testcase classname="capstoneProject.ProjectUsingRestAssured" name="getContactList" time="1.440"/>
  <system-out/>
  <testcase classname="capstoneProject.ProjectUsingRestAssured" name="getContact" time="1.451"/>
  <system-out/>
  <testcase classname="capstoneProject.ProjectUsingRestAssured" name="updateContact" time="1.487"/>
  <system-out/>
  <testcase classname="capstoneProject.ProjectUsingRestAssured" name="partialUpdateContact" time="1.476"/>
  <system-out/>
  <testcase classname="capstoneProject.ProjectUsingRestAssured" name="logOutUser" time="1.465"/>
  <system-out/>
</testsuite> <!-- capstoneProject.ProjectUsingRestAssured -->
