<?xml version="1.0" encoding="UTF-8"?>
<!-- Generated by org.testng.reporters.JUnitReportReporter -->
<testsuite hostname="DESKTOP-5OT4PUP" failures="0" tests="2" name="Scenario1.TestingLoginFunctionality" time="26.960" errors="0" timestamp="2025-07-27T15:38:53 IST" skipped="0">
  <testcase classname="Scenario1.TestingLoginFunctionality" name="LoginFunctionality" time="24.261"/>
  <testcase classname="Scenario1.TestingLoginFunctionality" name="LogoutFunctionality" time="2.699"/>
</testsuite> <!-- Scenario1.TestingLoginFunctionality -->
