<?xml version="1.0" encoding="UTF-8"?>
<!-- Generated by org.testng.reporters.JUnitReportReporter -->
<testsuite hostname="DESKTOP-5OT4PUP" failures="0" tests="5" name="Scenario2.LoginHRMUsingPOM" time="69.740" errors="0" timestamp="2025-07-24T15:48:09 IST" skipped="0">
  <testcase classname="Scenario2.LoginHRMUsingPOM" name="LoginFunctionality" time="21.127"/>
  <testcase classname="Scenario2.LoginHRMUsingPOM" name="ValidateAdminMenuAndOpenAdmin" time="10.307"/>
  <testcase classname="Scenario2.LoginHRMUsingPOM" name="searchByUsername" time="10.884"/>
  <testcase classname="Scenario2.LoginHRMUsingPOM" name="searchByUserRole" time="8.678"/>
  <testcase classname="Scenario2.LoginHRMUsingPOM" name="searchByStatus" time="18.744"/>
</testsuite> <!-- Scenario2.LoginHRMUsingPOM -->
